
/Users/adamvanlente/Documents/dev/node_projects/eventcal/app/scripts/app.js:14
angular
^
ReferenceError: angular is not defined
    at Object.<anonymous> (/Users/adamvanlente/Documents/dev/node_projects/eventcal/app/scripts/app.js:14:1)
    at Module._compile (module.js:456:26)
    at Object.Module._extensions..js (module.js:474:10)
    at Module.load (module.js:356:32)
    at Function.Module._load (module.js:312:12)
    at Function.Module.runMain (module.js:497:10)
    at startup (node.js:119:16)
    at node.js:906:3
error: Forever detected script exited with code: 8
error: Forever restarting script for 1 time

/Users/adamvanlente/Documents/dev/node_projects/eventcal/app/scripts/app.js:14
angular
^
ReferenceError: angular is not defined
    at Object.<anonymous> (/Users/adamvanlente/Documents/dev/node_projects/eventcal/app/scripts/app.js:14:1)
    at Module._compile (module.js:456:26)
    at Object.Module._extensions..js (module.js:474:10)
    at Module.load (module.js:356:32)
    at Function.Module._load (module.js:312:12)
    at Function.Module.runMain (module.js:497:10)
    at startup (node.js:119:16)
    at node.js:906:3
error: Forever detected script exited with code: 8
error: Forever restarting script for 2 time

/Users/adamvanlente/Documents/dev/node_projects/eventcal/app/scripts/app.js:14
angular
^
ReferenceError: angular is not defined
    at Object.<anonymous> (/Users/adamvanlente/Documents/dev/node_projects/eventcal/app/scripts/app.js:14:1)
    at Module._compile (module.js:456:26)
    at Object.Module._extensions..js (module.js:474:10)
    at Module.load (module.js:356:32)
    at Function.Module._load (module.js:312:12)
    at Function.Module.runMain (module.js:497:10)
    at startup (node.js:119:16)
    at node.js:906:3
error: Forever detected script exited with code: 8
